UVC/UVCCamera/UVCCamera/usbCameraTest0/build/outputs/logs/manifest-merger-debug-report.txt
-- Merging decision tree log ---
manifest
ADDED from src/main/AndroidManifest.xml:3:1-86:12
	package
		ADDED from src/main/AndroidManifest.xml:4:5-45
		INJECTED from src/main/AndroidManifest.xml
		INJECTED from src/main/AndroidManifest.xml
	android:versionName
		ADDED from src/main/AndroidManifest.xml:8:5-30
		INJECTED from src/main/AndroidManifest.xml
		INJECTED from src/main/AndroidManifest.xml
	android:versionCode
		ADDED from src/main/AndroidManifest.xml:6:1-24
		INJECTED from src/main/AndroidManifest.xml
		INJECTED from src/main/AndroidManifest.xml
	xmlns:android
		ADDED from src/main/AndroidManifest.xml:3:11-69
uses-sdk
ADDED from src/main/AndroidManifest.xml:10:5-12:41
MERGED from [UVCCamera:libuvccamera:unspecified] AndroidManifest.xml:7:5-9:41
MERGED from [com.serenegiant:common:1.1.9] AndroidManifest.xml:8:5-10:41
	android:targetSdkVersion
		ADDED from src/main/AndroidManifest.xml:12:9-38
		INJECTED from src/main/AndroidManifest.xml
		INJECTED from src/main/AndroidManifest.xml
	android:minSdkVersion
		ADDED from src/main/AndroidManifest.xml:11:9-34
		INJECTED from src/main/AndroidManifest.xml
		INJECTED from src/main/AndroidManifest.xml
uses-permission#android.permission.CAMERA
ADDED from src/main/AndroidManifest.xml:14:5-65
	android:name
		ADDED from src/main/AndroidManifest.xml:14:22-62
uses-feature#android.hardware.camera
ADDED from src/main/AndroidManifest.xml:16:5-60
	android:name
		ADDED from src/main/AndroidManifest.xml:16:19-57
uses-permission#android.permission.FLASHLIGHT
ADDED from src/main/AndroidManifest.xml:18:5-69
	android:name
		ADDED from src/main/AndroidManifest.xml:18:22-66
uses-permission#android.permission.INTERNET
ADDED from src/main/AndroidManifest.xml:19:5-67
	android:name
		ADDED from src/main/AndroidManifest.xml:19:22-64
uses-permission#android.permission.READ_EXTERNAL_STORAGE
ADDED from src/main/AndroidManifest.xml:20:5-80
	android:name
		ADDED from src/main/AndroidManifest.xml:20:22-77
uses-permission#android.permission.WRITE_EXTERNAL_STORAGE
ADDED from src/main/AndroidManifest.xml:21:5-81
	android:name
		ADDED from src/main/AndroidManifest.xml:21:22-78
application
ADDED from src/main/AndroidManifest.xml:24:1-83:19
	android:label
		ADDED from src/main/AndroidManifest.xml:27:9-41
	android:allowBackup
		ADDED from src/main/AndroidManifest.xml:25:9-35
	android:icon
		ADDED from src/main/AndroidManifest.xml:26:9-45
	android:theme
		ADDED from src/main/AndroidManifest.xml:28:9-40
activity#com.serenegiant.usbcameratest0.MainActivity
ADDED from src/main/AndroidManifest.xml:30:9-37:20
	android:label
		ADDED from src/main/AndroidManifest.xml:32:13-45
	android:name
		ADDED from src/main/AndroidManifest.xml:31:13-41
activity#com.serenegiant.usbcameratest0.InternalActivity
ADDED from src/main/AndroidManifest.xml:38:2-46:20
	android:label
		ADDED from src/main/AndroidManifest.xml:40:13-45
	android:name
		ADDED from src/main/AndroidManifest.xml:39:13-45
activity#com.serenegiant.usbcameratest0.FirstActivity
ADDED from src/main/AndroidManifest.xml:47:9-55:20
	android:label
		ADDED from src/main/AndroidManifest.xml:49:13-45
	android:name
		ADDED from src/main/AndroidManifest.xml:48:13-42
intent-filter#android.intent.action.MAIN+android.intent.category.LAUNCHER
ADDED from src/main/AndroidManifest.xml:50:13-54:29
action#android.intent.action.MAIN
ADDED from src/main/AndroidManifest.xml:51:17-69
	android:name
		ADDED from src/main/AndroidManifest.xml:51:25-66
category#android.intent.category.LAUNCHER
ADDED from src/main/AndroidManifest.xml:53:17-77
	android:name
		ADDED from src/main/AndroidManifest.xml:53:27-74
activity#com.serenegiant.usbcameratest0.DetailsActivity
ADDED from src/main/AndroidManifest.xml:56:9-65:20
	android:label
		ADDED from src/main/AndroidManifest.xml:58:13-59
	android:name
		ADDED from src/main/AndroidManifest.xml:57:13-44
activity#com.serenegiant.usbcameratest0.Success
ADDED from src/main/AndroidManifest.xml:66:9-69:20
	android:label
		ADDED from src/main/AndroidManifest.xml:68:13-59
	android:name
		ADDED from src/main/AndroidManifest.xml:67:13-36
activity#com.serenegiant.usbcameratest0.SuccessActivity
ADDED from src/main/AndroidManifest.xml:70:9-73:20
	android:label
		ADDED from src/main/AndroidManifest.xml:72:13-59
	android:name
		ADDED from src/main/AndroidManifest.xml:71:13-44
activity#com.serenegiant.usbcameratest0.SearchActivity
ADDED from src/main/AndroidManifest.xml:74:9-82:20
	android:label
		ADDED from src/main/AndroidManifest.xml:76:13-44
	android:name
		ADDED from src/main/AndroidManifest.xml:75:13-43